<?xml version="1.0" encoding="UTF-8"?>
<!-- Generated by org.testng.reporters.JUnitReportReporter -->
<testsuite skipped="0" hostname="Udani-PC" name="quickacademy.Mavenjava.AppiumTest" tests="2" failures="0" timestamp="2019-12-29T17:55:01 SGT" time="0.012" errors="0">
  <testcase name="NativeAppiOS" time="0.000" classname="quickacademy.Mavenjava.AppiumTest"/>
  <testcase name="NativeAppAndroid" time="0.012" classname="quickacademy.Mavenjava.AppiumTest"/>
</testsuite> <!-- quickacademy.Mavenjava.AppiumTest -->
