<?xml version="1.0" encoding="UTF-8"?>
<!-- Generated by org.testng.reporters.JUnitReportReporter -->
<testsuite skipped="0" hostname="Udani-PC" name="quickacademy.Mavenjava.SeleniumTest" tests="2" failures="0" timestamp="2019-12-29T17:55:01 SGT" time="0.000" errors="0">
  <testcase name="elementUI" time="0.000" classname="quickacademy.Mavenjava.SeleniumTest"/>
  <testcase name="browserAutomation" time="0.000" classname="quickacademy.Mavenjava.SeleniumTest"/>
</testsuite> <!-- quickacademy.Mavenjava.SeleniumTest -->
