<?xml version="1.0" encoding="UTF-8"?>
<!-- Generated by org.testng.reporters.JUnitReportReporter -->
<testsuite skipped="0" hostname="Udani-PC" name="quickacademy.Mavenjava.RESTApiTest" tests="2" failures="0" timestamp="2019-12-29T17:55:01 SGT" time="0.001" errors="0">
  <testcase name="deleteTwitter" time="0.001" classname="quickacademy.Mavenjava.RESTApiTest"/>
  <testcase name="postJira" time="0.000" classname="quickacademy.Mavenjava.RESTApiTest"/>
</testsuite> <!-- quickacademy.Mavenjava.RESTApiTest -->
